2024-12-12T23:31:39.462-0600 INFO Setting up the test environment.
2024-12-12T23:31:39.463-0600 DEBUG This is a debug message
2024-12-12T23:31:39.463-0600 INFO This is an info message
2024-12-12T23:31:39.463-0600 WARN This is a warn message
2024-12-12T23:31:39.463-0600 ERROR This is an error message
2024-12-12T23:31:39.463-0600 FATAL This is a fatal message
2024-12-12T23:31:40.911-0600 INFO TestCase for password feild empty
2024-12-13T09:07:46.869-0600 INFO Setting up the test environment.
2024-12-13T09:07:46.870-0600 DEBUG This is a debug message
2024-12-13T09:07:46.870-0600 INFO This is an info message
2024-12-13T09:07:46.870-0600 WARN This is a warn message
2024-12-13T09:07:46.870-0600 ERROR This is an error message
2024-12-13T09:07:46.870-0600 FATAL This is a fatal message
2024-12-13T09:07:49.163-0600 INFO TestCase for password feild empty
2024-12-13T09:26:54.159-0600 INFO Setting up the test environment.
2024-12-13T09:26:54.159-0600 DEBUG This is a debug message
2024-12-13T09:26:54.159-0600 INFO This is an info message
2024-12-13T09:26:54.159-0600 WARN This is a warn message
2024-12-13T09:26:54.159-0600 ERROR This is an error message
2024-12-13T09:26:54.159-0600 FATAL This is a fatal message
2024-12-13T09:26:55.709-0600 INFO TestCase for password feild empty
2024-12-13T09:29:23.547-0600 INFO Setting up the test environment.
2024-12-13T09:29:23.548-0600 DEBUG This is a debug message
2024-12-13T09:29:23.548-0600 INFO This is an info message
2024-12-13T09:29:23.548-0600 WARN This is a warn message
2024-12-13T09:29:23.548-0600 ERROR This is an error message
2024-12-13T09:29:23.548-0600 FATAL This is a fatal message
2024-12-13T09:32:00.688-0600 INFO Setting up the test environment.
2024-12-13T09:32:00.688-0600 DEBUG This is a debug message
2024-12-13T09:32:00.688-0600 INFO This is an info message
2024-12-13T09:32:00.688-0600 WARN This is a warn message
2024-12-13T09:32:00.688-0600 ERROR This is an error message
2024-12-13T09:32:00.688-0600 FATAL This is a fatal message
2024-12-13T09:33:04.138-0600 INFO Setting up the test environment.
2024-12-13T09:33:04.139-0600 DEBUG This is a debug message
2024-12-13T09:33:04.139-0600 INFO This is an info message
2024-12-13T09:33:04.139-0600 WARN This is a warn message
2024-12-13T09:33:04.139-0600 ERROR This is an error message
2024-12-13T09:33:04.139-0600 FATAL This is a fatal message
